<?xml version="1.0" encoding="UTF-8"?>
<testng-results ignored="0" total="1" passed="1" failed="0" skipped="0">
  <reporter-output>
  </reporter-output>
  <suite started-at="2021-07-04T10:07:41 CDT" name="Default suite" finished-at="2021-07-04T10:08:03 CDT" duration-ms="22077">
    <groups>
    </groups>
    <test started-at="2021-07-04T10:07:41 CDT" name="Default test" finished-at="2021-07-04T10:08:03 CDT" duration-ms="22077">
      <class name="all_tests.Add_customer_testing">
        <test-method signature="add_customer_testing()[pri:0, instance:all_tests.Add_customer_testing@5677323c]" started-at="2021-07-04T10:07:41 CDT" name="add_customer_testing" finished-at="2021-07-04T10:08:03 CDT" duration-ms="21995" status="PASS">
          <reporter-output>
          </reporter-output>
        </test-method> <!-- add_customer_testing -->
      </class> <!-- all_tests.Add_customer_testing -->
    </test> <!-- Default test -->
  </suite> <!-- Default suite -->
</testng-results>
