<?xml version="1.0" encoding="UTF-8"?>
<testng-results skipped="0" failed="0" ignored="0" total="1" passed="1">
  <reporter-output>
  </reporter-output>
  <suite name="Default suite" duration-ms="30177" started-at="2021-06-29T10:43:54 CDT" finished-at="2021-06-29T10:44:24 CDT">
    <groups>
    </groups>
    <test name="Default test" duration-ms="30177" started-at="2021-06-29T10:43:54 CDT" finished-at="2021-06-29T10:44:24 CDT">
      <class name="testCases.Login_test">
        <test-method status="PASS" signature="init()[pri:0, instance:testCases.Login_test@2bbf4b8b]" name="init" is-config="true" duration-ms="9293" started-at="2021-06-29T10:43:54 CDT" finished-at="2021-06-29T10:44:03 CDT">
          <reporter-output>
          </reporter-output>
        </test-method> <!-- init -->
        <test-method status="PASS" signature="login_page()[pri:0, instance:testCases.Login_test@2bbf4b8b]" name="login_page" duration-ms="17270" started-at="2021-06-29T10:44:03 CDT" finished-at="2021-06-29T10:44:21 CDT">
          <reporter-output>
          </reporter-output>
        </test-method> <!-- login_page -->
        <test-method status="PASS" signature="closingBrowser()[pri:0, instance:testCases.Login_test@2bbf4b8b]" name="closingBrowser" is-config="true" duration-ms="3502" started-at="2021-06-29T10:44:21 CDT" finished-at="2021-06-29T10:44:24 CDT">
          <reporter-output>
          </reporter-output>
        </test-method> <!-- closingBrowser -->
      </class> <!-- testCases.Login_test -->
    </test> <!-- Default test -->
  </suite> <!-- Default suite -->
</testng-results>
