<?xml version="1.0" encoding="UTF-8"?>
<testng-results skipped="0" failed="0" ignored="0" total="1" passed="1">
  <reporter-output>
  </reporter-output>
  <suite name="regression" duration-ms="22276" started-at="2021-07-04T11:13:50 CDT" finished-at="2021-07-04T11:14:12 CDT">
    <groups>
    </groups>
    <test name="loginpage testing" duration-ms="22276" started-at="2021-07-04T11:13:50 CDT" finished-at="2021-07-04T11:14:12 CDT">
      <class name="all_tests.Add_customer_testing">
        <test-method status="PASS" signature="add_customer_testing(java.lang.String,java.lang.String,java.lang.String,java.lang.String,java.lang.String,java.lang.String,java.lang.String,java.lang.String,java.lang.String,java.lang.String)[pri:0, instance:all_tests.Add_customer_testing@17695df3]" name="add_customer_testing" duration-ms="22211" started-at="2021-07-04T11:13:50 CDT" finished-at="2021-07-04T11:14:12 CDT">
          <params>
            <param index="0">
              <value>
                <![CDATA[demo@techfios.com]]>
              </value>
            </param>
            <param index="1">
              <value>
                <![CDATA[abc123]]>
              </value>
            </param>
            <param index="2">
              <value>
                <![CDATA[M.Alain]]>
              </value>
            </param>
            <param index="3">
              <value>
                <![CDATA[Alain.inc]]>
              </value>
            </param>
            <param index="4">
              <value>
                <![CDATA[M.alain@techfios.com]]>
              </value>
            </param>
            <param index="5">
              <value>
                <![CDATA[0987654321]]>
              </value>
            </param>
            <param index="6">
              <value>
                <![CDATA[northdallas]]>
              </value>
            </param>
            <param index="7">
              <value>
                <![CDATA[carrollton]]>
              </value>
            </param>
            <param index="8">
              <value>
                <![CDATA[Texas]]>
              </value>
            </param>
            <param index="9">
              <value>
                <![CDATA[00000]]>
              </value>
            </param>
          </params>
          <reporter-output>
          </reporter-output>
        </test-method> <!-- add_customer_testing -->
      </class> <!-- all_tests.Add_customer_testing -->
    </test> <!-- loginpage testing -->
  </suite> <!-- regression -->
</testng-results>
